[2022-12-10 15:58:10] [INFO   ] cannot read configuration file config.properties trying from resources.
[2022-12-10 15:58:10] [INFO   ] configuration file was loaded from resources directory.
[2022-12-10 15:58:11] [INFO   ] Thread dealer starting.
[2022-12-10 15:58:11] [INFO   ] Thread player0starting.
[2022-12-10 15:58:11] [INFO   ] Thread player1starting.
[2022-12-10 15:58:11] [INFO   ] Thread computer-1 starting.
[2022-12-10 15:58:11] [SEVERE ] placing card 80 in slot 0
[2022-12-10 15:58:12] [SEVERE ] placing card 70 in slot 10
[2022-12-10 15:58:12] [SEVERE ] placing card 11 in slot 7
[2022-12-10 15:58:12] [SEVERE ] Key 68 was pressed by player 0
[2022-12-10 15:58:12] [SEVERE ] player 0 placing token on slot 6
[2022-12-10 15:58:12] [SEVERE ] placing card 10 in slot 3
[2022-12-10 15:58:12] [SEVERE ] Key 83 was pressed by player 0
[2022-12-10 15:58:12] [SEVERE ] player 0 placing token on slot 5
[2022-12-10 15:58:12] [SEVERE ] placing card 49 in slot 6
[2022-12-10 15:58:12] [SEVERE ] Key 75 was pressed by player 1
[2022-12-10 15:58:12] [SEVERE ] player 1 placing token on slot 5
[2022-12-10 15:58:12] [SEVERE ] placing card 16 in slot 9
[2022-12-10 15:58:13] [SEVERE ] placing card 58 in slot 2
[2022-12-10 15:58:13] [SEVERE ] Key 69 was pressed by player 0
[2022-12-10 15:58:13] [SEVERE ] player 0 placing token on slot 2
[2022-12-10 15:58:13] [SEVERE ] placing card 0 in slot 11
[2022-12-10 15:58:13] [SEVERE ] Key 76 was pressed by player 1
[2022-12-10 15:58:13] [SEVERE ] player 1 placing token on slot 6
[2022-12-10 15:58:13] [SEVERE ] placing card 25 in slot 1
[2022-12-10 15:58:13] [SEVERE ] placing card 48 in slot 5
[2022-12-10 15:58:13] [SEVERE ] Key 59 was pressed by player 1
[2022-12-10 15:58:13] [SEVERE ] player 1 placing token on slot 7
[2022-12-10 15:58:13] [SEVERE ] placing card 1 in slot 8
[2022-12-10 15:58:14] [SEVERE ] placing card 43 in slot 4
[2022-12-10 15:58:14] [SEVERE ] Key 59 was pressed by player 1
[2022-12-10 15:58:14] [SEVERE ] removing player 1 token from slot 7
[2022-12-10 15:58:14] [SEVERE ] Key 76 was pressed by player 1
[2022-12-10 15:58:14] [SEVERE ] removing player 1 token from slot 6
[2022-12-10 15:58:15] [SEVERE ] Key 76 was pressed by player 1
[2022-12-10 15:58:15] [SEVERE ] player 1 placing token on slot 6
[2022-12-10 15:58:15] [SEVERE ] Key 44 was pressed by player 1
[2022-12-10 15:58:15] [SEVERE ] player 1 placing token on slot 9
[2022-12-10 15:58:16] [SEVERE ] Key 46 was pressed by player 1
[2022-12-10 15:58:16] [SEVERE ] Key 46 was pressed by player 1
[2022-12-10 15:58:17] [SEVERE ] Key 47 was pressed by player 1
[2022-12-10 15:58:17] [SEVERE ] Key 47 was pressed by player 1
[2022-12-10 15:58:19] [SEVERE ] removing all tokens
[2022-12-10 15:58:19] [SEVERE ] removing tokens from slot 0
[2022-12-10 15:58:19] [SEVERE ] removing tokens from slot 1
[2022-12-10 15:58:19] [SEVERE ] removing tokens from slot 2
[2022-12-10 15:58:19] [SEVERE ] removing tokens from slot 3
[2022-12-10 15:58:19] [SEVERE ] removing tokens from slot 4
[2022-12-10 15:58:19] [SEVERE ] removing tokens from slot 5
[2022-12-10 15:58:19] [SEVERE ] removing tokens from slot 6
[2022-12-10 15:58:19] [SEVERE ] removing tokens from slot 7
[2022-12-10 15:58:19] [SEVERE ] removing tokens from slot 8
[2022-12-10 15:58:19] [SEVERE ] removing tokens from slot 9
[2022-12-10 15:58:19] [SEVERE ] removing tokens from slot 10
[2022-12-10 15:58:19] [SEVERE ] removing tokens from slot 11
[2022-12-10 15:58:19] [SEVERE ] removing card from slot 3
[2022-12-10 15:58:19] [SEVERE ] removing card from slot 7
[2022-12-10 15:58:19] [SEVERE ] removing card from slot 5
[2022-12-10 15:58:19] [SEVERE ] removing card from slot 10
[2022-12-10 15:58:20] [SEVERE ] removing card from slot 11
[2022-12-10 15:58:20] [SEVERE ] removing card from slot 6
[2022-12-10 15:58:20] [SEVERE ] removing card from slot 8
[2022-12-10 15:58:20] [SEVERE ] Key 69 was pressed by player 0
[2022-12-10 15:58:20] [SEVERE ] player 0 placing token on slot 2
[2022-12-10 15:58:20] [SEVERE ] removing card from slot 9
[2022-12-10 15:58:20] [SEVERE ] Key 76 was pressed by player 1
[2022-12-10 15:58:20] [SEVERE ] player 1 placing token on slot 6
[2022-12-10 15:58:20] [SEVERE ] removing card from slot 4
[2022-12-10 15:58:21] [SEVERE ] Key 69 was pressed by player 0
[2022-12-10 15:58:21] [SEVERE ] removing player 0 token from slot 2
[2022-12-10 15:58:21] [SEVERE ] removing card from slot 2
[2022-12-10 15:58:21] [SEVERE ] Key 82 was pressed by player 0
[2022-12-10 15:58:21] [SEVERE ] player 0 placing token on slot 3
[2022-12-10 15:58:21] [SEVERE ] removing card from slot 1
[2022-12-10 15:58:21] [SEVERE ] Key 75 was pressed by player 1
[2022-12-10 15:58:21] [SEVERE ] player 1 placing token on slot 5
[2022-12-10 15:58:21] [SEVERE ] removing card from slot 0
[2022-12-10 15:58:21] [SEVERE ] Key 76 was pressed by player 1
[2022-12-10 15:58:21] [SEVERE ] removing player 1 token from slot 6
[2022-12-10 15:58:21] [SEVERE ] placing card 2 in slot 6
[2022-12-10 15:58:21] [SEVERE ] Key 59 was pressed by player 1
[2022-12-10 15:58:21] [SEVERE ] player 1 placing token on slot 7
[2022-12-10 15:58:21] [SEVERE ] placing card 64 in slot 9
[2022-12-10 15:58:22] [SEVERE ] placing card 33 in slot 2
[2022-12-10 15:58:22] [SEVERE ] Key 44 was pressed by player 1
[2022-12-10 15:58:22] [SEVERE ] player 1 placing token on slot 9
[2022-12-10 15:58:22] [SEVERE ] placing card 58 in slot 7
[2022-12-10 15:58:22] [SEVERE ] Key 70 was pressed by player 0
[2022-12-10 15:58:22] [SEVERE ] player 0 placing token on slot 7
[2022-12-10 15:58:22] [SEVERE ] placing card 30 in slot 3
[2022-12-10 15:58:22] [SEVERE ] placing card 18 in slot 0
[2022-12-10 15:58:22] [SEVERE ] Key 77 was pressed by player 1
[2022-12-10 15:58:22] [SEVERE ] placing card 68 in slot 10
[2022-12-10 15:58:23] [SEVERE ] placing card 16 in slot 8
[2022-12-10 15:58:23] [SEVERE ] placing card 14 in slot 11
[2022-12-10 15:58:23] [SEVERE ] placing card 47 in slot 1
[2022-12-10 15:58:23] [SEVERE ] placing card 0 in slot 4
[2022-12-10 15:58:23] [SEVERE ] placing card 55 in slot 5
[2022-12-10 15:58:24] [SEVERE ] Key 70 was pressed by player 0
[2022-12-10 15:58:24] [SEVERE ] removing player 0 token from slot 7
[2022-12-10 15:58:24] [SEVERE ] Key 76 was pressed by player 1
[2022-12-10 15:58:24] [SEVERE ] Key 79 was pressed by player 1
[2022-12-10 15:58:25] [SEVERE ] Key 70 was pressed by player 0
[2022-12-10 15:58:25] [SEVERE ] player 0 placing token on slot 7
[2022-12-10 15:58:25] [SEVERE ] Key 76 was pressed by player 1
[2022-12-10 15:58:25] [SEVERE ] Key 59 was pressed by player 1
[2022-12-10 15:58:25] [SEVERE ] removing player 1 token from slot 7
[2022-12-10 15:58:26] [SEVERE ] Key 79 was pressed by player 1
[2022-12-10 15:58:26] [SEVERE ] player 1 placing token on slot 2
[2022-12-10 15:58:26] [SEVERE ] Key 79 was pressed by player 1
[2022-12-10 15:58:26] [SEVERE ] removing player 1 token from slot 2
[2022-12-10 15:58:26] [SEVERE ] Key 70 was pressed by player 0
[2022-12-10 15:58:26] [SEVERE ] removing player 0 token from slot 7
[2022-12-10 15:58:27] [SEVERE ] Key 80 was pressed by player 1
[2022-12-10 15:58:27] [SEVERE ] player 1 placing token on slot 3
[2022-12-10 15:58:28] [SEVERE ] Key 82 was pressed by player 0
[2022-12-10 15:58:28] [SEVERE ] removing player 0 token from slot 3
[2022-12-10 15:58:29] [SEVERE ] removing all tokens
[2022-12-10 15:58:29] [SEVERE ] removing tokens from slot 0
[2022-12-10 15:58:29] [SEVERE ] removing tokens from slot 1
[2022-12-10 15:58:29] [SEVERE ] removing tokens from slot 2
[2022-12-10 15:58:29] [SEVERE ] removing tokens from slot 3
[2022-12-10 15:58:29] [SEVERE ] removing tokens from slot 4
[2022-12-10 15:58:29] [SEVERE ] removing tokens from slot 5
[2022-12-10 15:58:29] [SEVERE ] removing tokens from slot 6
[2022-12-10 15:58:29] [SEVERE ] removing tokens from slot 7
[2022-12-10 15:58:29] [SEVERE ] removing tokens from slot 8
[2022-12-10 15:58:29] [SEVERE ] removing tokens from slot 9
[2022-12-10 15:58:29] [SEVERE ] removing tokens from slot 10
[2022-12-10 15:58:29] [SEVERE ] removing tokens from slot 11
[2022-12-10 15:58:29] [SEVERE ] Key 59 was pressed by player 1
[2022-12-10 15:58:29] [SEVERE ] player 1 placing token on slot 7
[2022-12-10 15:58:29] [SEVERE ] removing card from slot 1
[2022-12-10 15:58:29] [SEVERE ] Key 76 was pressed by player 1
[2022-12-10 15:58:29] [SEVERE ] player 1 placing token on slot 6
[2022-12-10 15:58:29] [SEVERE ] removing card from slot 8
[2022-12-10 15:58:29] [SEVERE ] removing card from slot 4
[2022-12-10 15:58:29] [SEVERE ] removing card from slot 10
[2022-12-10 15:58:30] [SEVERE ] removing card from slot 5
[2022-12-10 15:58:30] [SEVERE ] removing card from slot 7
[2022-12-10 15:58:30] [SEVERE ] removing card from slot 2
[2022-12-10 15:58:30] [SEVERE ] removing card from slot 6
[2022-12-10 15:58:30] [SEVERE ] removing card from slot 11
[2022-12-10 15:58:31] [SEVERE ] removing card from slot 9
[2022-12-10 15:58:31] [SEVERE ] removing card from slot 0
[2022-12-10 15:58:31] [SEVERE ] removing card from slot 3
[2022-12-10 15:58:31] [SEVERE ] placing card 16 in slot 10
[2022-12-10 15:58:31] [SEVERE ] placing card 33 in slot 2
[2022-12-10 15:58:32] [SEVERE ] placing card 77 in slot 5
[2022-12-10 15:58:32] [SEVERE ] placing card 20 in slot 7
[2022-12-10 15:58:32] [SEVERE ] placing card 5 in slot 0
[2022-12-10 15:58:32] [SEVERE ] Key 75 was pressed by player 1
[2022-12-10 15:58:32] [SEVERE ] player 1 placing token on slot 5
[2022-12-10 15:58:32] [SEVERE ] Key 76 was pressed by player 1
[2022-12-10 15:58:32] [SEVERE ] removing player 1 token from slot 6
[2022-12-10 15:58:32] [SEVERE ] placing card 7 in slot 6
[2022-12-10 15:58:32] [SEVERE ] placing card 67 in slot 9
[2022-12-10 15:58:33] [SEVERE ] placing card 79 in slot 3
[2022-12-10 15:58:33] [SEVERE ] Key 76 was pressed by player 1
[2022-12-10 15:58:33] [SEVERE ] player 1 placing token on slot 6
[2022-12-10 15:58:33] [SEVERE ] placing card 15 in slot 11
[2022-12-10 15:58:33] [SEVERE ] Key 59 was pressed by player 1
[2022-12-10 15:58:33] [SEVERE ] removing player 1 token from slot 7
[2022-12-10 15:58:33] [SEVERE ] placing card 61 in slot 1
[2022-12-10 15:58:33] [SEVERE ] placing card 31 in slot 4
[2022-12-10 15:58:33] [SEVERE ] placing card 18 in slot 8
[2022-12-10 15:58:36] [SEVERE ] Exit button pressed
[2022-12-10 15:58:36] [INFO   ] Thread player0 terminated.
[2022-12-10 15:58:36] [INFO   ] Thread main terminated.
