[2022-12-10 15:44:01] [INFO   ] cannot read configuration file config.properties trying from resources.
[2022-12-10 15:44:01] [INFO   ] configuration file was loaded from resources directory.
[2022-12-10 15:44:02] [INFO   ] Thread dealer starting.
[2022-12-10 15:44:02] [INFO   ] Thread player0starting.
[2022-12-10 15:44:02] [INFO   ] Thread player1starting.
[2022-12-10 15:44:02] [INFO   ] Thread computer-1 starting.
[2022-12-10 15:44:02] [SEVERE ] placing card 79 in slot 3
[2022-12-10 15:44:02] [SEVERE ] placing card 7 in slot 6
[2022-12-10 15:44:02] [SEVERE ] placing card 25 in slot 8
[2022-12-10 15:44:02] [SEVERE ] placing card 47 in slot 0
[2022-12-10 15:44:03] [SEVERE ] placing card 50 in slot 9
[2022-12-10 15:44:03] [SEVERE ] placing card 33 in slot 1
[2022-12-10 15:44:03] [SEVERE ] placing card 77 in slot 5
[2022-12-10 15:44:03] [SEVERE ] placing card 32 in slot 7
[2022-12-10 15:44:03] [SEVERE ] placing card 56 in slot 4
[2022-12-10 15:44:04] [SEVERE ] placing card 39 in slot 10
[2022-12-10 15:44:04] [SEVERE ] placing card 17 in slot 2
[2022-12-10 15:44:04] [SEVERE ] placing card 59 in slot 11
[2022-12-10 15:44:09] [SEVERE ] removing card from slot 5
[2022-12-10 15:44:09] [SEVERE ] removing card from slot 4
[2022-12-10 15:44:10] [SEVERE ] removing card from slot 10
[2022-12-10 15:44:10] [SEVERE ] removing card from slot 9
[2022-12-10 15:44:10] [SEVERE ] removing card from slot 11
[2022-12-10 15:44:10] [SEVERE ] removing card from slot 3
[2022-12-10 15:44:10] [SEVERE ] removing card from slot 1
[2022-12-10 15:44:11] [SEVERE ] removing card from slot 2
[2022-12-10 15:44:11] [SEVERE ] removing card from slot 0
[2022-12-10 15:44:11] [SEVERE ] removing card from slot 7
[2022-12-10 15:44:11] [SEVERE ] removing card from slot 6
[2022-12-10 15:44:11] [SEVERE ] removing card from slot 8
[2022-12-10 15:44:12] [SEVERE ] placing card 72 in slot 10
[2022-12-10 15:44:12] [SEVERE ] placing card 51 in slot 9
[2022-12-10 15:44:12] [SEVERE ] placing card 14 in slot 0
[2022-12-10 15:44:12] [SEVERE ] placing card 18 in slot 6
[2022-12-10 15:44:13] [SEVERE ] placing card 37 in slot 4
[2022-12-10 15:44:13] [SEVERE ] placing card 52 in slot 3
[2022-12-10 15:44:13] [SEVERE ] placing card 66 in slot 8
[2022-12-10 15:44:13] [SEVERE ] placing card 15 in slot 5
[2022-12-10 15:44:13] [SEVERE ] placing card 32 in slot 2
[2022-12-10 15:44:14] [SEVERE ] placing card 74 in slot 11
[2022-12-10 15:44:14] [SEVERE ] placing card 5 in slot 7
[2022-12-10 15:44:14] [SEVERE ] placing card 67 in slot 1
[2022-12-10 15:44:15] [SEVERE ] Key 75 was pressed by player 1
[2022-12-10 15:44:15] [SEVERE ] player 1 placing token on slot 5
[2022-12-10 15:44:17] [SEVERE ] Key 76 was pressed by player 1
[2022-12-10 15:44:17] [SEVERE ] player 1 placing token on slot 6
[2022-12-10 15:44:18] [SEVERE ] Key 44 was pressed by player 1
[2022-12-10 15:44:18] [SEVERE ] player 1 placing token on slot 9
[2022-12-10 15:44:19] [SEVERE ] removing card from slot 1
[2022-12-10 15:44:19] [SEVERE ] removing card from slot 8
[2022-12-10 15:44:19] [SEVERE ] Key 46 was pressed by player 1
[2022-12-10 15:44:20] [SEVERE ] removing card from slot 6
[2022-12-10 15:44:20] [SEVERE ] removing card from slot 10
[2022-12-10 15:44:20] [SEVERE ] removing card from slot 9
[2022-12-10 15:44:20] [SEVERE ] Key 46 was pressed by player 1
[2022-12-10 15:44:20] [SEVERE ] removing card from slot 3
[2022-12-10 15:44:20] [SEVERE ] removing card from slot 2
[2022-12-10 15:44:21] [SEVERE ] removing card from slot 11
[2022-12-10 15:44:21] [SEVERE ] removing card from slot 4
[2022-12-10 15:44:21] [SEVERE ] removing card from slot 5
[2022-12-10 15:44:21] [SEVERE ] Key 46 was pressed by player 1
[2022-12-10 15:44:21] [SEVERE ] removing card from slot 7
[2022-12-10 15:44:21] [SEVERE ] Key 46 was pressed by player 1
[2022-12-10 15:44:21] [SEVERE ] removing card from slot 0
[2022-12-10 15:44:22] [SEVERE ] placing card 26 in slot 9
[2022-12-10 15:44:22] [SEVERE ] Key 46 was pressed by player 1
[2022-12-10 15:44:22] [SEVERE ] placing card 38 in slot 4
[2022-12-10 15:44:22] [SEVERE ] Key 46 was pressed by player 1
[2022-12-10 15:44:22] [SEVERE ] placing card 78 in slot 11
[2022-12-10 15:44:22] [SEVERE ] placing card 50 in slot 5
[2022-12-10 15:44:22] [SEVERE ] Key 46 was pressed by player 1
[2022-12-10 15:44:22] [SEVERE ] placing card 74 in slot 3
[2022-12-10 15:44:23] [SEVERE ] Key 46 was pressed by player 1
[2022-12-10 15:44:23] [SEVERE ] placing card 73 in slot 2
[2022-12-10 15:44:23] [SEVERE ] Key 46 was pressed by player 1
[2022-12-10 15:44:23] [SEVERE ] placing card 69 in slot 1
[2022-12-10 15:44:23] [SEVERE ] Key 46 was pressed by player 1
[2022-12-10 15:44:23] [SEVERE ] placing card 42 in slot 7
[2022-12-10 15:44:23] [SEVERE ] Key 46 was pressed by player 1
[2022-12-10 15:44:23] [SEVERE ] placing card 43 in slot 0
[2022-12-10 15:44:23] [SEVERE ] placing card 68 in slot 10
[2022-12-10 15:44:24] [SEVERE ] placing card 75 in slot 8
[2022-12-10 15:44:24] [SEVERE ] placing card 24 in slot 6
[2022-12-10 15:44:25] [SEVERE ] Key 76 was pressed by player 1
[2022-12-10 15:44:25] [SEVERE ] removing player 1 token from slot 6
[2022-12-10 15:44:27] [SEVERE ] Key 47 was pressed by player 1
[2022-12-10 15:44:27] [SEVERE ] player 1 placing token on slot 11
[2022-12-10 15:44:29] [SEVERE ] removing card from slot 2
[2022-12-10 15:44:29] [SEVERE ] removing card from slot 10
[2022-12-10 15:44:29] [SEVERE ] removing card from slot 3
[2022-12-10 15:44:30] [SEVERE ] removing card from slot 1
[2022-12-10 15:44:30] [SEVERE ] removing card from slot 4
[2022-12-10 15:44:30] [SEVERE ] removing card from slot 0
[2022-12-10 15:44:30] [SEVERE ] Key 47 was pressed by player 1
[2022-12-10 15:44:30] [SEVERE ] removing player 1 token from slot 11
[2022-12-10 15:44:30] [SEVERE ] removing card from slot 9
[2022-12-10 15:44:30] [SEVERE ] removing card from slot 5
[2022-12-10 15:44:31] [SEVERE ] Key 47 was pressed by player 1
[2022-12-10 15:44:31] [SEVERE ] player 1 placing token on slot 11
[2022-12-10 15:44:31] [SEVERE ] removing card from slot 11
[2022-12-10 15:44:31] [SEVERE ] removing card from slot 6
[2022-12-10 15:44:31] [SEVERE ] removing card from slot 7
[2022-12-10 15:44:31] [SEVERE ] removing card from slot 8
[2022-12-10 15:44:31] [SEVERE ] placing card 63 in slot 8
[2022-12-10 15:44:31] [SEVERE ] Key 47 was pressed by player 1
[2022-12-10 15:44:31] [SEVERE ] removing player 1 token from slot 11
[2022-12-10 15:44:32] [SEVERE ] placing card 78 in slot 11
[2022-12-10 15:44:32] [SEVERE ] placing card 36 in slot 3
[2022-12-10 15:44:32] [SEVERE ] Key 47 was pressed by player 1
[2022-12-10 15:44:32] [SEVERE ] player 1 placing token on slot 11
[2022-12-10 15:44:32] [SEVERE ] placing card 15 in slot 7
[2022-12-10 15:44:32] [SEVERE ] placing card 30 in slot 10
[2022-12-10 15:44:32] [SEVERE ] placing card 19 in slot 6
[2022-12-10 15:44:33] [SEVERE ] placing card 5 in slot 0
[2022-12-10 15:44:33] [SEVERE ] placing card 3 in slot 5
[2022-12-10 15:44:33] [SEVERE ] placing card 76 in slot 1
[2022-12-10 15:44:33] [SEVERE ] placing card 61 in slot 9
[2022-12-10 15:44:33] [SEVERE ] placing card 24 in slot 4
[2022-12-10 15:44:34] [SEVERE ] placing card 0 in slot 2
[2022-12-10 15:44:35] [SEVERE ] Key 79 was pressed by player 1
[2022-12-10 15:44:35] [SEVERE ] Key 80 was pressed by player 1
[2022-12-10 15:44:37] [SEVERE ] Exit button pressed
[2022-12-10 15:44:37] [INFO   ] Thread player0 terminated.
[2022-12-10 15:44:38] [INFO   ] Thread main terminated.
