[2022-12-10 15:44:44] [INFO   ] cannot read configuration file config.properties trying from resources.
[2022-12-10 15:44:44] [INFO   ] configuration file was loaded from resources directory.
[2022-12-10 15:44:45] [INFO   ] Thread dealer starting.
[2022-12-10 15:44:45] [INFO   ] Thread player0starting.
[2022-12-10 15:44:45] [INFO   ] Thread player1starting.
[2022-12-10 15:44:45] [INFO   ] Thread computer-1 starting.
[2022-12-10 15:44:45] [SEVERE ] placing card 47 in slot 8
[2022-12-10 15:44:45] [SEVERE ] placing card 4 in slot 4
[2022-12-10 15:44:45] [SEVERE ] placing card 48 in slot 11
[2022-12-10 15:44:45] [SEVERE ] placing card 75 in slot 1
[2022-12-10 15:44:46] [SEVERE ] placing card 26 in slot 2
[2022-12-10 15:44:46] [SEVERE ] placing card 56 in slot 0
[2022-12-10 15:44:46] [SEVERE ] placing card 54 in slot 9
[2022-12-10 15:44:46] [SEVERE ] placing card 57 in slot 3
[2022-12-10 15:44:46] [SEVERE ] placing card 44 in slot 5
[2022-12-10 15:44:47] [SEVERE ] placing card 23 in slot 6
[2022-12-10 15:44:47] [SEVERE ] placing card 37 in slot 10
[2022-12-10 15:44:47] [SEVERE ] placing card 2 in slot 7
[2022-12-10 15:44:47] [SEVERE ] Key 75 was pressed by player 1
[2022-12-10 15:44:47] [SEVERE ] player 1 placing token on slot 5
[2022-12-10 15:44:47] [SEVERE ] Key 79 was pressed by player 1
[2022-12-10 15:44:47] [SEVERE ] player 1 placing token on slot 2
[2022-12-10 15:44:47] [SEVERE ] Key 80 was pressed by player 1
[2022-12-10 15:44:47] [SEVERE ] player 1 placing token on slot 3
[2022-12-10 15:44:52] [SEVERE ] removing card from slot 6
[2022-12-10 15:44:52] [SEVERE ] removing card from slot 2
[2022-12-10 15:44:53] [SEVERE ] removing card from slot 3
[2022-12-10 15:44:53] [SEVERE ] removing card from slot 5
[2022-12-10 15:44:53] [SEVERE ] removing card from slot 0
[2022-12-10 15:44:53] [SEVERE ] removing card from slot 11
[2022-12-10 15:44:53] [SEVERE ] removing card from slot 10
[2022-12-10 15:44:54] [SEVERE ] removing card from slot 7
[2022-12-10 15:44:54] [SEVERE ] removing card from slot 4
[2022-12-10 15:44:54] [SEVERE ] removing card from slot 9
[2022-12-10 15:44:54] [SEVERE ] removing card from slot 8
[2022-12-10 15:44:54] [SEVERE ] removing card from slot 1
[2022-12-10 15:44:55] [SEVERE ] placing card 21 in slot 1
[2022-12-10 15:44:55] [SEVERE ] placing card 27 in slot 7
[2022-12-10 15:44:55] [SEVERE ] placing card 18 in slot 6
[2022-12-10 15:44:55] [SEVERE ] placing card 72 in slot 9
[2022-12-10 15:44:55] [SEVERE ] placing card 14 in slot 11
[2022-12-10 15:44:56] [SEVERE ] placing card 38 in slot 3
[2022-12-10 15:44:56] [SEVERE ] placing card 54 in slot 8
[2022-12-10 15:44:56] [SEVERE ] placing card 16 in slot 5
[2022-12-10 15:44:56] [SEVERE ] placing card 6 in slot 0
[2022-12-10 15:44:56] [SEVERE ] placing card 32 in slot 4
[2022-12-10 15:44:57] [SEVERE ] placing card 48 in slot 2
[2022-12-10 15:44:57] [SEVERE ] placing card 23 in slot 10
[2022-12-10 15:45:02] [SEVERE ] removing card from slot 8
[2022-12-10 15:45:02] [SEVERE ] removing card from slot 0
[2022-12-10 15:45:02] [SEVERE ] removing card from slot 4
[2022-12-10 15:45:03] [SEVERE ] removing card from slot 5
[2022-12-10 15:45:03] [SEVERE ] removing card from slot 7
[2022-12-10 15:45:03] [SEVERE ] removing card from slot 10
[2022-12-10 15:45:03] [SEVERE ] removing card from slot 6
[2022-12-10 15:45:03] [SEVERE ] removing card from slot 2
[2022-12-10 15:45:04] [SEVERE ] removing card from slot 3
[2022-12-10 15:45:04] [SEVERE ] removing card from slot 9
[2022-12-10 15:45:04] [SEVERE ] removing card from slot 1
[2022-12-10 15:45:04] [SEVERE ] removing card from slot 11
[2022-12-10 15:45:04] [SEVERE ] placing card 5 in slot 9
[2022-12-10 15:45:05] [SEVERE ] placing card 25 in slot 4
[2022-12-10 15:45:05] [SEVERE ] placing card 27 in slot 2
[2022-12-10 15:45:05] [SEVERE ] placing card 50 in slot 5
[2022-12-10 15:45:05] [SEVERE ] placing card 56 in slot 8
[2022-12-10 15:45:05] [SEVERE ] placing card 35 in slot 0
[2022-12-10 15:45:06] [SEVERE ] placing card 38 in slot 3
[2022-12-10 15:45:06] [SEVERE ] placing card 6 in slot 7
[2022-12-10 15:45:06] [SEVERE ] placing card 24 in slot 1
[2022-12-10 15:45:06] [SEVERE ] placing card 13 in slot 11
[2022-12-10 15:45:06] [SEVERE ] placing card 52 in slot 6
[2022-12-10 15:45:07] [SEVERE ] placing card 59 in slot 10
[2022-12-10 15:45:12] [SEVERE ] removing card from slot 7
[2022-12-10 15:45:12] [SEVERE ] removing card from slot 4
[2022-12-10 15:45:12] [SEVERE ] removing card from slot 0
[2022-12-10 15:45:12] [SEVERE ] removing card from slot 11
[2022-12-10 15:45:13] [SEVERE ] removing card from slot 9
[2022-12-10 15:45:13] [SEVERE ] removing card from slot 6
[2022-12-10 15:45:13] [SEVERE ] removing card from slot 1
[2022-12-10 15:45:13] [SEVERE ] removing card from slot 5
[2022-12-10 15:45:13] [SEVERE ] removing card from slot 3
[2022-12-10 15:45:14] [SEVERE ] removing card from slot 8
[2022-12-10 15:45:14] [SEVERE ] removing card from slot 10
[2022-12-10 15:45:14] [SEVERE ] removing card from slot 2
[2022-12-10 15:45:14] [SEVERE ] placing card 17 in slot 8
[2022-12-10 15:45:14] [SEVERE ] placing card 70 in slot 0
[2022-12-10 15:45:15] [SEVERE ] placing card 80 in slot 1
[2022-12-10 15:45:15] [SEVERE ] placing card 10 in slot 11
[2022-12-10 15:45:15] [SEVERE ] placing card 72 in slot 3
[2022-12-10 15:45:15] [SEVERE ] placing card 49 in slot 10
[2022-12-10 15:45:15] [SEVERE ] placing card 26 in slot 6
[2022-12-10 15:45:16] [SEVERE ] placing card 63 in slot 4
[2022-12-10 15:45:16] [SEVERE ] placing card 75 in slot 5
[2022-12-10 15:45:16] [SEVERE ] placing card 29 in slot 9
[2022-12-10 15:45:16] [SEVERE ] placing card 18 in slot 2
[2022-12-10 15:45:16] [SEVERE ] placing card 9 in slot 7
[2022-12-10 15:45:22] [SEVERE ] removing card from slot 11
[2022-12-10 15:45:22] [SEVERE ] removing card from slot 5
[2022-12-10 15:45:22] [SEVERE ] removing card from slot 9
[2022-12-10 15:45:22] [SEVERE ] removing card from slot 8
[2022-12-10 15:45:22] [SEVERE ] removing card from slot 3
[2022-12-10 15:45:23] [SEVERE ] removing card from slot 6
[2022-12-10 15:45:23] [SEVERE ] removing card from slot 10
[2022-12-10 15:45:23] [SEVERE ] removing card from slot 2
[2022-12-10 15:45:23] [SEVERE ] removing card from slot 1
[2022-12-10 15:45:23] [SEVERE ] removing card from slot 7
[2022-12-10 15:45:24] [SEVERE ] removing card from slot 4
[2022-12-10 15:45:24] [SEVERE ] removing card from slot 0
[2022-12-10 15:45:24] [SEVERE ] placing card 3 in slot 0
[2022-12-10 15:45:24] [SEVERE ] placing card 34 in slot 7
[2022-12-10 15:45:24] [SEVERE ] placing card 47 in slot 4
[2022-12-10 15:45:25] [SEVERE ] placing card 9 in slot 11
[2022-12-10 15:45:25] [SEVERE ] placing card 32 in slot 9
[2022-12-10 15:45:25] [SEVERE ] placing card 5 in slot 5
[2022-12-10 15:45:25] [SEVERE ] placing card 67 in slot 8
[2022-12-10 15:45:25] [SEVERE ] placing card 19 in slot 3
[2022-12-10 15:45:26] [SEVERE ] placing card 25 in slot 6
[2022-12-10 15:45:26] [SEVERE ] placing card 71 in slot 2
[2022-12-10 15:45:26] [SEVERE ] placing card 69 in slot 1
[2022-12-10 15:45:26] [SEVERE ] placing card 52 in slot 10
[2022-12-10 15:45:32] [SEVERE ] removing card from slot 10
[2022-12-10 15:45:32] [SEVERE ] removing card from slot 5
[2022-12-10 15:45:32] [SEVERE ] removing card from slot 6
[2022-12-10 15:45:32] [SEVERE ] removing card from slot 8
[2022-12-10 15:45:32] [SEVERE ] removing card from slot 2
[2022-12-10 15:45:33] [SEVERE ] removing card from slot 1
[2022-12-10 15:45:33] [SEVERE ] removing card from slot 3
[2022-12-10 15:45:33] [SEVERE ] removing card from slot 11
[2022-12-10 15:45:33] [SEVERE ] removing card from slot 7
[2022-12-10 15:45:33] [SEVERE ] removing card from slot 9
[2022-12-10 15:45:34] [SEVERE ] removing card from slot 0
[2022-12-10 15:45:34] [SEVERE ] removing card from slot 4
[2022-12-10 15:45:34] [SEVERE ] placing card 13 in slot 9
[2022-12-10 15:45:34] [SEVERE ] placing card 56 in slot 0
[2022-12-10 15:45:34] [SEVERE ] placing card 25 in slot 3
[2022-12-10 15:45:35] [SEVERE ] placing card 80 in slot 8
[2022-12-10 15:45:35] [SEVERE ] placing card 57 in slot 2
[2022-12-10 15:45:35] [SEVERE ] placing card 26 in slot 1
[2022-12-10 15:45:35] [SEVERE ] placing card 15 in slot 4
[2022-12-10 15:45:35] [SEVERE ] placing card 35 in slot 10
[2022-12-10 15:45:36] [SEVERE ] placing card 78 in slot 11
[2022-12-10 15:45:36] [SEVERE ] placing card 5 in slot 6
[2022-12-10 15:45:36] [SEVERE ] placing card 74 in slot 5
[2022-12-10 15:45:36] [SEVERE ] placing card 40 in slot 7
[2022-12-10 15:45:41] [SEVERE ] removing card from slot 9
[2022-12-10 15:45:42] [SEVERE ] removing card from slot 10
[2022-12-10 15:45:42] [SEVERE ] removing card from slot 6
[2022-12-10 15:45:42] [SEVERE ] removing card from slot 0
[2022-12-10 15:45:42] [SEVERE ] removing card from slot 1
[2022-12-10 15:45:42] [SEVERE ] removing card from slot 3
[2022-12-10 15:45:43] [SEVERE ] removing card from slot 7
[2022-12-10 15:45:43] [SEVERE ] removing card from slot 2
[2022-12-10 15:45:43] [SEVERE ] removing card from slot 8
[2022-12-10 15:45:43] [SEVERE ] removing card from slot 4
[2022-12-10 15:45:43] [SEVERE ] removing card from slot 11
[2022-12-10 15:45:44] [SEVERE ] removing card from slot 5
[2022-12-10 15:45:44] [SEVERE ] placing card 65 in slot 8
[2022-12-10 15:45:44] [SEVERE ] placing card 66 in slot 2
[2022-12-10 15:45:44] [SEVERE ] placing card 61 in slot 10
[2022-12-10 15:45:44] [SEVERE ] placing card 7 in slot 11
[2022-12-10 15:45:45] [SEVERE ] placing card 20 in slot 9
[2022-12-10 15:45:45] [SEVERE ] placing card 75 in slot 1
[2022-12-10 15:45:45] [SEVERE ] placing card 52 in slot 5
[2022-12-10 15:45:45] [SEVERE ] placing card 18 in slot 0
[2022-12-10 15:45:45] [SEVERE ] placing card 27 in slot 3
[2022-12-10 15:45:46] [SEVERE ] placing card 28 in slot 6
[2022-12-10 15:45:46] [SEVERE ] placing card 8 in slot 7
[2022-12-10 15:45:46] [SEVERE ] placing card 44 in slot 4
[2022-12-10 15:45:51] [SEVERE ] removing card from slot 1
[2022-12-10 15:45:51] [SEVERE ] removing card from slot 0
[2022-12-10 15:45:52] [SEVERE ] removing card from slot 9
[2022-12-10 15:45:52] [SEVERE ] removing card from slot 7
[2022-12-10 15:45:52] [SEVERE ] removing card from slot 10
[2022-12-10 15:45:52] [SEVERE ] removing card from slot 8
[2022-12-10 15:45:52] [SEVERE ] removing card from slot 5
[2022-12-10 15:45:53] [SEVERE ] removing card from slot 4
[2022-12-10 15:45:53] [SEVERE ] removing card from slot 11
[2022-12-10 15:45:53] [SEVERE ] removing card from slot 3
[2022-12-10 15:45:53] [SEVERE ] removing card from slot 2
[2022-12-10 15:45:53] [SEVERE ] removing card from slot 6
[2022-12-10 15:45:54] [SEVERE ] placing card 64 in slot 6
[2022-12-10 15:45:54] [SEVERE ] placing card 78 in slot 10
[2022-12-10 15:45:54] [SEVERE ] placing card 60 in slot 1
[2022-12-10 15:45:54] [SEVERE ] placing card 16 in slot 7
[2022-12-10 15:45:54] [SEVERE ] placing card 17 in slot 0
[2022-12-10 15:45:55] [SEVERE ] placing card 36 in slot 9
[2022-12-10 15:45:55] [SEVERE ] placing card 63 in slot 4
[2022-12-10 15:45:55] [SEVERE ] placing card 23 in slot 8
[2022-12-10 15:45:55] [SEVERE ] placing card 57 in slot 5
[2022-12-10 15:45:55] [SEVERE ] placing card 50 in slot 3
[2022-12-10 15:45:56] [SEVERE ] placing card 11 in slot 11
[2022-12-10 15:45:56] [SEVERE ] placing card 10 in slot 2
[2022-12-10 15:46:01] [SEVERE ] removing card from slot 5
[2022-12-10 15:46:01] [SEVERE ] removing card from slot 10
[2022-12-10 15:46:01] [SEVERE ] removing card from slot 4
[2022-12-10 15:46:02] [SEVERE ] removing card from slot 1
[2022-12-10 15:46:02] [SEVERE ] removing card from slot 3
[2022-12-10 15:46:02] [SEVERE ] removing card from slot 6
[2022-12-10 15:46:02] [SEVERE ] removing card from slot 9
[2022-12-10 15:46:02] [SEVERE ] removing card from slot 8
[2022-12-10 15:46:03] [SEVERE ] removing card from slot 2
[2022-12-10 15:46:03] [SEVERE ] removing card from slot 7
[2022-12-10 15:46:03] [SEVERE ] removing card from slot 11
[2022-12-10 15:46:03] [SEVERE ] removing card from slot 0
[2022-12-10 15:46:03] [SEVERE ] placing card 18 in slot 2
[2022-12-10 15:46:04] [SEVERE ] placing card 35 in slot 0
[2022-12-10 15:46:04] [SEVERE ] placing card 49 in slot 3
[2022-12-10 15:46:04] [SEVERE ] placing card 53 in slot 7
[2022-12-10 15:46:04] [SEVERE ] placing card 2 in slot 5
[2022-12-10 15:46:04] [SEVERE ] placing card 8 in slot 8
[2022-12-10 15:46:05] [SEVERE ] placing card 64 in slot 4
[2022-12-10 15:46:05] [SEVERE ] placing card 79 in slot 11
[2022-12-10 15:46:05] [SEVERE ] placing card 34 in slot 9
[2022-12-10 15:46:05] [SEVERE ] placing card 55 in slot 6
[2022-12-10 15:46:05] [SEVERE ] placing card 16 in slot 1
[2022-12-10 15:46:06] [SEVERE ] placing card 46 in slot 10
[2022-12-10 15:46:11] [SEVERE ] removing card from slot 1
[2022-12-10 15:46:11] [SEVERE ] removing card from slot 3
[2022-12-10 15:46:11] [SEVERE ] removing card from slot 5
[2022-12-10 15:46:11] [SEVERE ] removing card from slot 8
[2022-12-10 15:46:12] [SEVERE ] removing card from slot 9
[2022-12-10 15:46:12] [SEVERE ] removing card from slot 11
[2022-12-10 15:46:12] [SEVERE ] removing card from slot 7
[2022-12-10 15:46:12] [SEVERE ] removing card from slot 2
[2022-12-10 15:46:12] [SEVERE ] removing card from slot 6
[2022-12-10 15:46:13] [SEVERE ] removing card from slot 0
[2022-12-10 15:46:13] [SEVERE ] removing card from slot 4
[2022-12-10 15:46:13] [SEVERE ] removing card from slot 10
[2022-12-10 15:46:13] [SEVERE ] placing card 61 in slot 3
[2022-12-10 15:46:13] [SEVERE ] placing card 44 in slot 8
[2022-12-10 15:46:14] [SEVERE ] placing card 20 in slot 0
[2022-12-10 15:46:14] [SEVERE ] placing card 56 in slot 1
[2022-12-10 15:46:14] [SEVERE ] placing card 50 in slot 11
[2022-12-10 15:46:14] [SEVERE ] placing card 67 in slot 4
[2022-12-10 15:46:14] [SEVERE ] placing card 65 in slot 9
[2022-12-10 15:46:15] [SEVERE ] placing card 0 in slot 5
[2022-12-10 15:46:15] [SEVERE ] placing card 48 in slot 10
[2022-12-10 15:46:15] [SEVERE ] placing card 72 in slot 7
[2022-12-10 15:46:15] [SEVERE ] placing card 45 in slot 2
[2022-12-10 15:46:15] [SEVERE ] placing card 33 in slot 6
[2022-12-10 15:46:21] [SEVERE ] removing card from slot 5
[2022-12-10 15:46:21] [SEVERE ] removing card from slot 4
[2022-12-10 15:46:21] [SEVERE ] removing card from slot 7
[2022-12-10 15:46:21] [SEVERE ] removing card from slot 1
[2022-12-10 15:46:22] [SEVERE ] removing card from slot 2
[2022-12-10 15:46:22] [SEVERE ] removing card from slot 11
[2022-12-10 15:46:22] [SEVERE ] removing card from slot 9
[2022-12-10 15:46:22] [SEVERE ] removing card from slot 3
[2022-12-10 15:46:22] [SEVERE ] removing card from slot 8
[2022-12-10 15:46:23] [SEVERE ] removing card from slot 10
[2022-12-10 15:46:23] [SEVERE ] removing card from slot 0
[2022-12-10 15:46:23] [SEVERE ] removing card from slot 6
[2022-12-10 15:46:23] [SEVERE ] placing card 15 in slot 1
[2022-12-10 15:46:23] [SEVERE ] placing card 36 in slot 3
[2022-12-10 15:46:24] [SEVERE ] placing card 80 in slot 6
[2022-12-10 15:46:24] [SEVERE ] placing card 69 in slot 7
[2022-12-10 15:46:24] [SEVERE ] placing card 49 in slot 11
[2022-12-10 15:46:24] [SEVERE ] placing card 37 in slot 5
[2022-12-10 15:46:24] [SEVERE ] placing card 17 in slot 10
[2022-12-10 15:46:25] [SEVERE ] placing card 28 in slot 2
[2022-12-10 15:46:25] [SEVERE ] placing card 74 in slot 9
[2022-12-10 15:46:25] [SEVERE ] placing card 71 in slot 0
[2022-12-10 15:46:25] [SEVERE ] placing card 78 in slot 8
[2022-12-10 15:46:25] [SEVERE ] placing card 31 in slot 4
[2022-12-10 15:46:31] [SEVERE ] removing card from slot 1
[2022-12-10 15:46:31] [SEVERE ] removing card from slot 7
[2022-12-10 15:46:31] [SEVERE ] removing card from slot 8
[2022-12-10 15:46:31] [SEVERE ] removing card from slot 3
[2022-12-10 15:46:31] [SEVERE ] removing card from slot 4
[2022-12-10 15:46:32] [SEVERE ] removing card from slot 11
[2022-12-10 15:46:32] [SEVERE ] removing card from slot 2
[2022-12-10 15:46:32] [SEVERE ] removing card from slot 0
[2022-12-10 15:46:32] [SEVERE ] removing card from slot 9
[2022-12-10 15:46:32] [SEVERE ] removing card from slot 5
[2022-12-10 15:46:33] [SEVERE ] removing card from slot 6
[2022-12-10 15:46:33] [SEVERE ] removing card from slot 10
[2022-12-10 15:46:33] [SEVERE ] placing card 10 in slot 8
[2022-12-10 15:46:33] [SEVERE ] placing card 0 in slot 11
[2022-12-10 15:46:33] [SEVERE ] placing card 55 in slot 7
[2022-12-10 15:46:34] [SEVERE ] placing card 67 in slot 1
[2022-12-10 15:46:34] [SEVERE ] placing card 64 in slot 10
[2022-12-10 15:46:34] [SEVERE ] placing card 30 in slot 9
[2022-12-10 15:46:34] [SEVERE ] placing card 35 in slot 2
[2022-12-10 15:46:34] [SEVERE ] placing card 68 in slot 0
[2022-12-10 15:46:35] [SEVERE ] placing card 8 in slot 5
[2022-12-10 15:46:35] [SEVERE ] placing card 59 in slot 4
[2022-12-10 15:46:35] [SEVERE ] placing card 22 in slot 6
[2022-12-10 15:46:35] [SEVERE ] placing card 12 in slot 3
[2022-12-10 15:46:40] [SEVERE ] removing card from slot 2
[2022-12-10 15:46:41] [SEVERE ] removing card from slot 1
[2022-12-10 15:46:41] [SEVERE ] removing card from slot 9
[2022-12-10 15:46:41] [SEVERE ] removing card from slot 3
[2022-12-10 15:46:41] [SEVERE ] removing card from slot 7
[2022-12-10 15:46:41] [SEVERE ] removing card from slot 4
[2022-12-10 15:46:42] [SEVERE ] removing card from slot 10
[2022-12-10 15:46:42] [SEVERE ] removing card from slot 5
[2022-12-10 15:46:42] [SEVERE ] removing card from slot 6
[2022-12-10 15:46:42] [SEVERE ] removing card from slot 0
[2022-12-10 15:46:42] [SEVERE ] removing card from slot 8
[2022-12-10 15:46:43] [SEVERE ] removing card from slot 11
[2022-12-10 15:46:43] [SEVERE ] placing card 53 in slot 4
[2022-12-10 15:46:43] [SEVERE ] placing card 43 in slot 0
[2022-12-10 15:46:43] [SEVERE ] placing card 13 in slot 10
[2022-12-10 15:46:43] [SEVERE ] placing card 12 in slot 8
[2022-12-10 15:46:44] [SEVERE ] placing card 57 in slot 5
[2022-12-10 15:46:44] [SEVERE ] placing card 4 in slot 1
[2022-12-10 15:46:44] [SEVERE ] placing card 2 in slot 3
[2022-12-10 15:46:44] [SEVERE ] placing card 16 in slot 7
[2022-12-10 15:46:45] [SEVERE ] placing card 52 in slot 9
[2022-12-10 15:46:45] [SEVERE ] placing card 6 in slot 2
[2022-12-10 15:46:45] [SEVERE ] placing card 50 in slot 6
[2022-12-10 15:46:45] [SEVERE ] placing card 64 in slot 11
[2022-12-10 15:46:50] [SEVERE ] removing card from slot 4
[2022-12-10 15:46:51] [SEVERE ] removing card from slot 6
[2022-12-10 15:46:51] [SEVERE ] removing card from slot 1
[2022-12-10 15:46:51] [SEVERE ] removing card from slot 10
[2022-12-10 15:46:51] [SEVERE ] removing card from slot 5
[2022-12-10 15:46:51] [SEVERE ] removing card from slot 11
[2022-12-10 15:46:52] [SEVERE ] removing card from slot 2
[2022-12-10 15:46:52] [SEVERE ] removing card from slot 0
[2022-12-10 15:46:52] [SEVERE ] removing card from slot 7
[2022-12-10 15:46:52] [SEVERE ] removing card from slot 3
[2022-12-10 15:46:52] [SEVERE ] removing card from slot 9
[2022-12-10 15:46:53] [SEVERE ] removing card from slot 8
[2022-12-10 15:46:53] [SEVERE ] placing card 17 in slot 6
[2022-12-10 15:46:53] [SEVERE ] placing card 75 in slot 7
[2022-12-10 15:46:53] [SEVERE ] placing card 1 in slot 4
[2022-12-10 15:46:53] [SEVERE ] placing card 13 in slot 8
[2022-12-10 15:46:54] [SEVERE ] placing card 34 in slot 11
[2022-12-10 15:46:54] [SEVERE ] placing card 4 in slot 10
[2022-12-10 15:46:54] [SEVERE ] placing card 36 in slot 0
[2022-12-10 15:46:54] [SEVERE ] placing card 14 in slot 2
[2022-12-10 15:46:54] [SEVERE ] placing card 5 in slot 1
[2022-12-10 15:46:55] [SEVERE ] placing card 61 in slot 3
[2022-12-10 15:46:55] [SEVERE ] placing card 2 in slot 5
[2022-12-10 15:46:55] [SEVERE ] placing card 54 in slot 9
[2022-12-10 15:47:00] [SEVERE ] removing card from slot 0
[2022-12-10 15:47:00] [SEVERE ] removing card from slot 6
[2022-12-10 15:47:01] [SEVERE ] removing card from slot 7
[2022-12-10 15:47:01] [SEVERE ] removing card from slot 8
[2022-12-10 15:47:01] [SEVERE ] removing card from slot 9
[2022-12-10 15:47:01] [SEVERE ] removing card from slot 11
[2022-12-10 15:47:01] [SEVERE ] removing card from slot 1
[2022-12-10 15:47:02] [SEVERE ] removing card from slot 3
[2022-12-10 15:47:02] [SEVERE ] removing card from slot 10
[2022-12-10 15:47:02] [SEVERE ] removing card from slot 4
[2022-12-10 15:47:02] [SEVERE ] removing card from slot 5
[2022-12-10 15:47:02] [SEVERE ] removing card from slot 2
[2022-12-10 15:47:03] [SEVERE ] placing card 54 in slot 2
[2022-12-10 15:47:03] [SEVERE ] placing card 28 in slot 7
[2022-12-10 15:47:03] [SEVERE ] placing card 21 in slot 3
[2022-12-10 15:47:03] [SEVERE ] placing card 9 in slot 11
[2022-12-10 15:47:03] [SEVERE ] placing card 63 in slot 4
[2022-12-10 15:47:04] [SEVERE ] placing card 22 in slot 1
[2022-12-10 15:47:04] [SEVERE ] placing card 30 in slot 9
[2022-12-10 15:47:04] [SEVERE ] placing card 5 in slot 8
[2022-12-10 15:47:04] [SEVERE ] placing card 69 in slot 10
[2022-12-10 15:47:04] [SEVERE ] placing card 45 in slot 5
[2022-12-10 15:47:05] [SEVERE ] placing card 17 in slot 0
[2022-12-10 15:47:05] [SEVERE ] Key 74 was pressed by player 1
[2022-12-10 15:47:05] [SEVERE ] placing card 68 in slot 6
[2022-12-10 15:47:05] [SEVERE ] Key 74 was pressed by player 1
[2022-12-10 15:47:07] [SEVERE ] Key 79 was pressed by player 1
[2022-12-10 15:47:07] [SEVERE ] removing player 1 token from slot 2
[2022-12-10 15:47:07] [SEVERE ] Key 73 was pressed by player 1
[2022-12-10 15:47:07] [SEVERE ] player 1 placing token on slot 1
[2022-12-10 15:47:08] [SEVERE ] Key 73 was pressed by player 1
[2022-12-10 15:47:08] [SEVERE ] removing player 1 token from slot 1
[2022-12-10 15:47:08] [SEVERE ] Key 80 was pressed by player 1
[2022-12-10 15:47:08] [SEVERE ] removing player 1 token from slot 3
[2022-12-10 15:47:09] [SEVERE ] Key 74 was pressed by player 1
[2022-12-10 15:47:09] [SEVERE ] player 1 placing token on slot 4
[2022-12-10 15:47:10] [SEVERE ] Key 74 was pressed by player 1
[2022-12-10 15:47:10] [SEVERE ] removing player 1 token from slot 4
[2022-12-10 15:47:10] [SEVERE ] Key 75 was pressed by player 1
[2022-12-10 15:47:10] [SEVERE ] removing player 1 token from slot 5
[2022-12-10 15:47:10] [SEVERE ] removing card from slot 4
[2022-12-10 15:47:10] [SEVERE ] removing card from slot 9
[2022-12-10 15:47:10] [SEVERE ] removing card from slot 0
[2022-12-10 15:47:11] [SEVERE ] removing card from slot 11
[2022-12-10 15:47:11] [SEVERE ] removing card from slot 7
[2022-12-10 15:47:11] [SEVERE ] removing card from slot 2
[2022-12-10 15:47:11] [SEVERE ] removing card from slot 5
[2022-12-10 15:47:11] [SEVERE ] removing card from slot 6
[2022-12-10 15:47:12] [SEVERE ] removing card from slot 8
[2022-12-10 15:47:12] [SEVERE ] removing card from slot 10
[2022-12-10 15:47:12] [SEVERE ] removing card from slot 1
[2022-12-10 15:47:12] [SEVERE ] removing card from slot 3
[2022-12-10 15:47:12] [SEVERE ] placing card 57 in slot 8
[2022-12-10 15:47:13] [SEVERE ] placing card 45 in slot 7
[2022-12-10 15:47:13] [SEVERE ] placing card 8 in slot 3
[2022-12-10 15:47:13] [SEVERE ] placing card 59 in slot 2
[2022-12-10 15:47:13] [SEVERE ] placing card 73 in slot 5
[2022-12-10 15:47:13] [SEVERE ] placing card 77 in slot 10
[2022-12-10 15:47:14] [SEVERE ] placing card 34 in slot 9
[2022-12-10 15:47:14] [SEVERE ] Exit button pressed
[2022-12-10 15:47:14] [INFO   ] Thread player0 terminated.
[2022-12-10 15:47:14] [SEVERE ] placing card 2 in slot 11
[2022-12-10 15:47:14] [SEVERE ] placing card 79 in slot 4
[2022-12-10 15:47:14] [SEVERE ] placing card 33 in slot 0
[2022-12-10 15:47:15] [SEVERE ] placing card 7 in slot 6
[2022-12-10 15:47:15] [SEVERE ] placing card 64 in slot 1
[2022-12-10 15:47:15] [INFO   ] Thread main terminated.
