[2022-12-10 15:55:10] [INFO   ] cannot read configuration file config.properties trying from resources.
[2022-12-10 15:55:10] [INFO   ] configuration file was loaded from resources directory.
[2022-12-10 15:55:11] [INFO   ] Thread dealer starting.
[2022-12-10 15:55:11] [INFO   ] Thread player0starting.
[2022-12-10 15:55:11] [INFO   ] Thread player1starting.
[2022-12-10 15:55:12] [INFO   ] Thread computer-1 starting.
[2022-12-10 15:55:12] [SEVERE ] placing card 33 in slot 0
[2022-12-10 15:55:12] [SEVERE ] placing card 20 in slot 1
[2022-12-10 15:55:12] [SEVERE ] placing card 77 in slot 6
[2022-12-10 15:55:12] [SEVERE ] placing card 24 in slot 5
[2022-12-10 15:55:12] [SEVERE ] placing card 49 in slot 10
[2022-12-10 15:55:13] [SEVERE ] placing card 71 in slot 9
[2022-12-10 15:55:13] [SEVERE ] placing card 26 in slot 7
[2022-12-10 15:55:13] [SEVERE ] placing card 32 in slot 3
[2022-12-10 15:55:13] [SEVERE ] placing card 13 in slot 4
[2022-12-10 15:55:13] [SEVERE ] placing card 36 in slot 2
[2022-12-10 15:55:14] [SEVERE ] placing card 58 in slot 8
[2022-12-10 15:55:14] [SEVERE ] placing card 28 in slot 11
[2022-12-10 15:55:15] [SEVERE ] Key 75 was pressed by player 1
[2022-12-10 15:55:15] [SEVERE ] player 1 placing token on slot 5
[2022-12-10 15:55:15] [SEVERE ] Key 79 was pressed by player 1
[2022-12-10 15:55:15] [SEVERE ] player 1 placing token on slot 2
[2022-12-10 15:55:19] [SEVERE ] removing all tokens
[2022-12-10 15:55:19] [SEVERE ] removing tokens from slot 0
[2022-12-10 15:55:19] [SEVERE ] removing tokens from slot 1
[2022-12-10 15:55:19] [SEVERE ] removing tokens from slot 2
[2022-12-10 15:55:19] [SEVERE ] removing tokens from slot 3
[2022-12-10 15:55:19] [SEVERE ] removing tokens from slot 4
[2022-12-10 15:55:19] [SEVERE ] removing tokens from slot 5
[2022-12-10 15:55:19] [SEVERE ] removing tokens from slot 6
[2022-12-10 15:55:19] [SEVERE ] removing tokens from slot 7
[2022-12-10 15:55:19] [SEVERE ] removing tokens from slot 8
[2022-12-10 15:55:19] [SEVERE ] removing tokens from slot 9
[2022-12-10 15:55:19] [SEVERE ] removing tokens from slot 10
[2022-12-10 15:55:19] [SEVERE ] removing tokens from slot 11
[2022-12-10 15:55:19] [SEVERE ] removing card from slot 10
[2022-12-10 15:55:19] [SEVERE ] removing card from slot 6
[2022-12-10 15:55:19] [SEVERE ] removing card from slot 4
[2022-12-10 15:55:20] [SEVERE ] removing card from slot 11
[2022-12-10 15:55:20] [SEVERE ] removing card from slot 0
[2022-12-10 15:55:20] [SEVERE ] removing card from slot 7
[2022-12-10 15:55:20] [SEVERE ] removing card from slot 3
[2022-12-10 15:55:20] [SEVERE ] removing card from slot 8
[2022-12-10 15:55:21] [SEVERE ] removing card from slot 2
[2022-12-10 15:55:21] [SEVERE ] removing card from slot 5
[2022-12-10 15:55:21] [SEVERE ] removing card from slot 1
[2022-12-10 15:55:21] [SEVERE ] removing card from slot 9
[2022-12-10 15:55:21] [SEVERE ] placing card 57 in slot 11
[2022-12-10 15:55:22] [SEVERE ] placing card 72 in slot 10
[2022-12-10 15:55:22] [SEVERE ] placing card 65 in slot 3
[2022-12-10 15:55:22] [SEVERE ] placing card 56 in slot 2
[2022-12-10 15:55:22] [SEVERE ] placing card 40 in slot 9
[2022-12-10 15:55:23] [SEVERE ] placing card 22 in slot 4
[2022-12-10 15:55:23] [SEVERE ] placing card 67 in slot 6
[2022-12-10 15:55:23] [SEVERE ] Key 76 was pressed by player 1
[2022-12-10 15:55:23] [SEVERE ] player 1 placing token on slot 6
[2022-12-10 15:55:23] [SEVERE ] placing card 55 in slot 5
[2022-12-10 15:55:23] [SEVERE ] placing card 19 in slot 7
[2022-12-10 15:55:23] [SEVERE ] placing card 71 in slot 1
[2022-12-10 15:55:24] [SEVERE ] placing card 66 in slot 0
[2022-12-10 15:55:24] [SEVERE ] Key 80 was pressed by player 1
[2022-12-10 15:55:24] [SEVERE ] placing card 46 in slot 8
[2022-12-10 15:55:25] [SEVERE ] Key 59 was pressed by player 1
[2022-12-10 15:55:26] [SEVERE ] Key 59 was pressed by player 1
[2022-12-10 15:55:27] [SEVERE ] Key 46 was pressed by player 1
[2022-12-10 15:55:27] [SEVERE ] Key 44 was pressed by player 1
[2022-12-10 15:55:27] [SEVERE ] Key 75 was pressed by player 1
[2022-12-10 15:55:27] [SEVERE ] Key 76 was pressed by player 1
[2022-12-10 15:55:27] [SEVERE ] removing player 1 token from slot 6
[2022-12-10 15:55:28] [SEVERE ] Key 76 was pressed by player 1
[2022-12-10 15:55:28] [SEVERE ] player 1 placing token on slot 6
[2022-12-10 15:55:28] [SEVERE ] Key 59 was pressed by player 1
[2022-12-10 15:55:29] [SEVERE ] removing all tokens
[2022-12-10 15:55:29] [SEVERE ] removing tokens from slot 0
[2022-12-10 15:55:29] [SEVERE ] removing tokens from slot 1
[2022-12-10 15:55:29] [SEVERE ] removing tokens from slot 2
[2022-12-10 15:55:29] [SEVERE ] removing tokens from slot 3
[2022-12-10 15:55:29] [SEVERE ] removing tokens from slot 4
[2022-12-10 15:55:29] [SEVERE ] removing tokens from slot 5
[2022-12-10 15:55:29] [SEVERE ] removing tokens from slot 6
[2022-12-10 15:55:29] [SEVERE ] removing tokens from slot 7
[2022-12-10 15:55:29] [SEVERE ] removing tokens from slot 8
[2022-12-10 15:55:29] [SEVERE ] removing tokens from slot 9
[2022-12-10 15:55:29] [SEVERE ] removing tokens from slot 10
[2022-12-10 15:55:29] [SEVERE ] removing tokens from slot 11
[2022-12-10 15:55:29] [SEVERE ] Key 59 was pressed by player 1
[2022-12-10 15:55:29] [SEVERE ] removing card from slot 5
[2022-12-10 15:55:29] [SEVERE ] Key 59 was pressed by player 1
[2022-12-10 15:55:29] [SEVERE ] Key 59 was pressed by player 1
[2022-12-10 15:55:29] [SEVERE ] removing card from slot 7
[2022-12-10 15:55:29] [SEVERE ] removing card from slot 11
[2022-12-10 15:55:29] [SEVERE ] Key 59 was pressed by player 1
[2022-12-10 15:55:30] [SEVERE ] removing card from slot 1
[2022-12-10 15:55:30] [SEVERE ] removing card from slot 9
[2022-12-10 15:55:30] [SEVERE ] removing card from slot 3
[2022-12-10 15:55:30] [SEVERE ] Key 76 was pressed by player 1
[2022-12-10 15:55:30] [SEVERE ] removing card from slot 4
[2022-12-10 15:55:30] [SEVERE ] removing card from slot 6
[2022-12-10 15:55:30] [SEVERE ] Key 76 was pressed by player 1
[2022-12-10 15:55:31] [SEVERE ] removing card from slot 0
[2022-12-10 15:55:31] [SEVERE ] removing card from slot 10
[2022-12-10 15:55:31] [SEVERE ] removing card from slot 2
[2022-12-10 15:55:31] [SEVERE ] Key 59 was pressed by player 1
[2022-12-10 15:55:31] [SEVERE ] removing card from slot 8
[2022-12-10 15:55:31] [SEVERE ] placing card 5 in slot 5
[2022-12-10 15:55:32] [SEVERE ] placing card 68 in slot 2
[2022-12-10 15:55:32] [SEVERE ] placing card 77 in slot 11
[2022-12-10 15:55:32] [SEVERE ] placing card 43 in slot 1
[2022-12-10 15:55:32] [SEVERE ] placing card 16 in slot 0
[2022-12-10 15:55:32] [SEVERE ] placing card 45 in slot 3
[2022-12-10 15:55:33] [SEVERE ] placing card 63 in slot 7
[2022-12-10 15:55:33] [SEVERE ] placing card 67 in slot 6
[2022-12-10 15:55:33] [SEVERE ] placing card 26 in slot 10
[2022-12-10 15:55:33] [SEVERE ] placing card 46 in slot 9
[2022-12-10 15:55:33] [SEVERE ] placing card 4 in slot 4
[2022-12-10 15:55:34] [SEVERE ] placing card 36 in slot 8
[2022-12-10 15:55:34] [SEVERE ] Key 59 was pressed by player 1
[2022-12-10 15:55:35] [SEVERE ] Key 59 was pressed by player 1
[2022-12-10 15:55:35] [SEVERE ] Key 59 was pressed by player 1
[2022-12-10 15:55:35] [SEVERE ] Key 59 was pressed by player 1
[2022-12-10 15:55:36] [SEVERE ] Key 46 was pressed by player 1
[2022-12-10 15:55:36] [SEVERE ] Key 44 was pressed by player 1
[2022-12-10 15:55:36] [SEVERE ] Key 77 was pressed by player 1
[2022-12-10 15:55:37] [SEVERE ] Key 74 was pressed by player 1
[2022-12-10 15:55:37] [SEVERE ] Key 75 was pressed by player 1
[2022-12-10 15:55:37] [SEVERE ] Key 76 was pressed by player 1
[2022-12-10 15:55:37] [SEVERE ] Key 76 was pressed by player 1
[2022-12-10 15:55:38] [SEVERE ] Key 76 was pressed by player 1
[2022-12-10 15:55:38] [SEVERE ] Key 79 was pressed by player 1
[2022-12-10 15:55:38] [SEVERE ] Key 80 was pressed by player 1
[2022-12-10 15:55:38] [SEVERE ] Key 73 was pressed by player 1
[2022-12-10 15:55:38] [SEVERE ] Key 79 was pressed by player 1
[2022-12-10 15:55:38] [SEVERE ] Key 79 was pressed by player 1
[2022-12-10 15:55:39] [SEVERE ] Key 73 was pressed by player 1
[2022-12-10 15:55:39] [SEVERE ] Key 85 was pressed by player 1
[2022-12-10 15:55:39] [SEVERE ] removing all tokens
[2022-12-10 15:55:39] [SEVERE ] removing tokens from slot 0
[2022-12-10 15:55:39] [SEVERE ] removing tokens from slot 1
[2022-12-10 15:55:39] [SEVERE ] removing tokens from slot 2
[2022-12-10 15:55:39] [SEVERE ] removing tokens from slot 3
[2022-12-10 15:55:39] [SEVERE ] removing tokens from slot 4
[2022-12-10 15:55:39] [SEVERE ] removing tokens from slot 5
[2022-12-10 15:55:39] [SEVERE ] removing tokens from slot 6
[2022-12-10 15:55:39] [SEVERE ] removing tokens from slot 7
[2022-12-10 15:55:39] [SEVERE ] removing tokens from slot 8
[2022-12-10 15:55:39] [SEVERE ] removing tokens from slot 9
[2022-12-10 15:55:39] [SEVERE ] removing tokens from slot 10
[2022-12-10 15:55:39] [SEVERE ] removing tokens from slot 11
[2022-12-10 15:55:39] [SEVERE ] removing card from slot 0
[2022-12-10 15:55:39] [SEVERE ] Key 75 was pressed by player 1
[2022-12-10 15:55:39] [SEVERE ] Key 77 was pressed by player 1
[2022-12-10 15:55:39] [SEVERE ] removing card from slot 7
[2022-12-10 15:55:39] [SEVERE ] Key 74 was pressed by player 1
[2022-12-10 15:55:39] [SEVERE ] removing card from slot 3
[2022-12-10 15:55:39] [SEVERE ] Key 77 was pressed by player 1
[2022-12-10 15:55:39] [SEVERE ] removing card from slot 6
[2022-12-10 15:55:40] [SEVERE ] Key 44 was pressed by player 1
[2022-12-10 15:55:40] [SEVERE ] removing card from slot 5
[2022-12-10 15:55:40] [SEVERE ] removing card from slot 11
[2022-12-10 15:55:40] [SEVERE ] removing card from slot 10
[2022-12-10 15:55:40] [SEVERE ] removing card from slot 9
[2022-12-10 15:55:40] [SEVERE ] removing card from slot 1
[2022-12-10 15:55:41] [SEVERE ] removing card from slot 8
[2022-12-10 15:55:41] [SEVERE ] removing card from slot 2
[2022-12-10 15:55:41] [SEVERE ] removing card from slot 4
[2022-12-10 15:55:41] [SEVERE ] placing card 41 in slot 6
[2022-12-10 15:55:41] [SEVERE ] placing card 8 in slot 7
[2022-12-10 15:55:42] [SEVERE ] placing card 75 in slot 4
[2022-12-10 15:55:42] [SEVERE ] placing card 77 in slot 9
[2022-12-10 15:55:42] [SEVERE ] placing card 71 in slot 2
[2022-12-10 15:55:42] [SEVERE ] placing card 1 in slot 5
[2022-12-10 15:55:42] [SEVERE ] placing card 44 in slot 3
[2022-12-10 15:55:43] [SEVERE ] placing card 30 in slot 10
[2022-12-10 15:55:43] [SEVERE ] placing card 18 in slot 11
[2022-12-10 15:55:43] [SEVERE ] placing card 55 in slot 8
[2022-12-10 15:55:43] [SEVERE ] placing card 67 in slot 0
[2022-12-10 15:55:44] [SEVERE ] placing card 19 in slot 1
[2022-12-10 15:55:44] [SEVERE ] Exit button pressed
[2022-12-10 15:55:44] [INFO   ] Thread player0 terminated.
[2022-12-10 15:55:45] [INFO   ] Thread main terminated.
