[2022-12-10 15:41:26] [INFO   ] cannot read configuration file config.properties trying from resources.
[2022-12-10 15:41:26] [INFO   ] configuration file was loaded from resources directory.
[2022-12-10 15:41:26] [INFO   ] Thread dealer starting.
[2022-12-10 15:41:26] [INFO   ] Thread player0starting.
[2022-12-10 15:41:26] [INFO   ] Thread player1starting.
[2022-12-10 15:41:26] [INFO   ] Thread computer-1 starting.
[2022-12-10 15:41:27] [SEVERE ] placing card 65 in slot 0
[2022-12-10 15:41:27] [SEVERE ] placing card 8 in slot 10
[2022-12-10 15:41:27] [SEVERE ] placing card 7 in slot 11
[2022-12-10 15:41:27] [SEVERE ] placing card 39 in slot 2
[2022-12-10 15:41:27] [SEVERE ] placing card 27 in slot 3
[2022-12-10 15:41:28] [SEVERE ] placing card 34 in slot 8
[2022-12-10 15:41:28] [SEVERE ] placing card 5 in slot 7
[2022-12-10 15:41:28] [SEVERE ] placing card 15 in slot 5
[2022-12-10 15:41:28] [SEVERE ] placing card 37 in slot 9
[2022-12-10 15:41:28] [SEVERE ] placing card 79 in slot 6
[2022-12-10 15:41:29] [SEVERE ] placing card 61 in slot 4
[2022-12-10 15:41:29] [SEVERE ] placing card 60 in slot 1
[2022-12-10 15:41:31] [SEVERE ] Key 85 was pressed by player 1
[2022-12-10 15:41:31] [SEVERE ] player 1 placing token on slot 0
[2022-12-10 15:41:31] [SEVERE ] Key 74 was pressed by player 1
[2022-12-10 15:41:31] [SEVERE ] player 1 placing token on slot 4
[2022-12-10 15:41:32] [SEVERE ] Key 77 was pressed by player 1
[2022-12-10 15:41:32] [SEVERE ] player 1 placing token on slot 8
[2022-12-10 15:41:32] [SEVERE ] Key 44 was pressed by player 1
[2022-12-10 15:41:32] [SEVERE ] Key 77 was pressed by player 1
[2022-12-10 15:41:32] [SEVERE ] removing player 1 token from slot 8
[2022-12-10 15:41:33] [SEVERE ] Key 74 was pressed by player 1
[2022-12-10 15:41:33] [SEVERE ] removing player 1 token from slot 4
[2022-12-10 15:41:33] [SEVERE ] Key 85 was pressed by player 1
[2022-12-10 15:41:33] [SEVERE ] removing player 1 token from slot 0
[2022-12-10 15:41:33] [SEVERE ] Key 73 was pressed by player 1
[2022-12-10 15:41:33] [SEVERE ] player 1 placing token on slot 1
[2022-12-10 15:41:33] [SEVERE ] Key 75 was pressed by player 1
[2022-12-10 15:41:33] [SEVERE ] player 1 placing token on slot 5
[2022-12-10 15:41:34] [SEVERE ] Key 44 was pressed by player 1
[2022-12-10 15:41:34] [SEVERE ] player 1 placing token on slot 9
[2022-12-10 15:41:34] [SEVERE ] removing card from slot 6
[2022-12-10 15:41:34] [SEVERE ] Key 44 was pressed by player 1
[2022-12-10 15:41:34] [SEVERE ] removing player 1 token from slot 9
[2022-12-10 15:41:34] [SEVERE ] removing card from slot 0
[2022-12-10 15:41:34] [SEVERE ] removing card from slot 5
[2022-12-10 15:41:35] [SEVERE ] Key 75 was pressed by player 1
[2022-12-10 15:41:35] [SEVERE ] removing player 1 token from slot 5
[2022-12-10 15:41:35] [SEVERE ] removing card from slot 7
[2022-12-10 15:41:35] [SEVERE ] Key 73 was pressed by player 1
[2022-12-10 15:41:35] [SEVERE ] removing player 1 token from slot 1
[2022-12-10 15:41:35] [SEVERE ] removing card from slot 4
[2022-12-10 15:41:35] [SEVERE ] Key 79 was pressed by player 1
[2022-12-10 15:41:35] [SEVERE ] player 1 placing token on slot 2
[2022-12-10 15:41:35] [SEVERE ] removing card from slot 10
[2022-12-10 15:41:35] [SEVERE ] Key 76 was pressed by player 1
[2022-12-10 15:41:35] [SEVERE ] player 1 placing token on slot 6
[2022-12-10 15:41:35] [SEVERE ] removing card from slot 2
[2022-12-10 15:41:35] [SEVERE ] Key 46 was pressed by player 1
[2022-12-10 15:41:35] [SEVERE ] player 1 placing token on slot 10
[2022-12-10 15:41:36] [SEVERE ] removing card from slot 1
[2022-12-10 15:41:36] [SEVERE ] removing card from slot 9
[2022-12-10 15:41:36] [SEVERE ] removing card from slot 8
[2022-12-10 15:41:36] [SEVERE ] Key 46 was pressed by player 1
[2022-12-10 15:41:36] [SEVERE ] removing player 1 token from slot 10
[2022-12-10 15:41:36] [SEVERE ] removing card from slot 3
[2022-12-10 15:41:36] [SEVERE ] Key 76 was pressed by player 1
[2022-12-10 15:41:36] [SEVERE ] removing player 1 token from slot 6
[2022-12-10 15:41:36] [SEVERE ] removing card from slot 11
[2022-12-10 15:41:36] [SEVERE ] Key 79 was pressed by player 1
[2022-12-10 15:41:36] [SEVERE ] removing player 1 token from slot 2
[2022-12-10 15:41:37] [SEVERE ] placing card 53 in slot 3
[2022-12-10 15:41:37] [SEVERE ] Key 80 was pressed by player 1
[2022-12-10 15:41:37] [SEVERE ] player 1 placing token on slot 3
[2022-12-10 15:41:37] [SEVERE ] placing card 29 in slot 10
[2022-12-10 15:41:37] [SEVERE ] Key 59 was pressed by player 1
[2022-12-10 15:41:37] [SEVERE ] player 1 placing token on slot 7
[2022-12-10 15:41:37] [SEVERE ] placing card 17 in slot 8
[2022-12-10 15:41:37] [SEVERE ] Key 47 was pressed by player 1
[2022-12-10 15:41:37] [SEVERE ] player 1 placing token on slot 11
[2022-12-10 15:41:37] [SEVERE ] placing card 71 in slot 1
[2022-12-10 15:41:37] [SEVERE ] placing card 15 in slot 4
[2022-12-10 15:41:38] [SEVERE ] placing card 39 in slot 5
[2022-12-10 15:41:38] [SEVERE ] placing card 69 in slot 6
[2022-12-10 15:41:38] [SEVERE ] Key 47 was pressed by player 1
[2022-12-10 15:41:38] [SEVERE ] removing player 1 token from slot 11
[2022-12-10 15:41:38] [SEVERE ] placing card 77 in slot 9
[2022-12-10 15:41:38] [SEVERE ] Key 59 was pressed by player 1
[2022-12-10 15:41:38] [SEVERE ] removing player 1 token from slot 7
[2022-12-10 15:41:38] [SEVERE ] placing card 67 in slot 0
[2022-12-10 15:41:38] [SEVERE ] Key 80 was pressed by player 1
[2022-12-10 15:41:38] [SEVERE ] removing player 1 token from slot 3
[2022-12-10 15:41:38] [SEVERE ] placing card 27 in slot 11
[2022-12-10 15:41:39] [SEVERE ] placing card 5 in slot 7
[2022-12-10 15:41:39] [SEVERE ] placing card 28 in slot 2
[2022-12-10 15:41:39] [SEVERE ] Key 81 was pressed by player 0
[2022-12-10 15:41:39] [SEVERE ] player 0 placing token on slot 0
[2022-12-10 15:41:40] [SEVERE ] Key 65 was pressed by player 0
[2022-12-10 15:41:40] [SEVERE ] player 0 placing token on slot 4
[2022-12-10 15:41:40] [SEVERE ] Key 90 was pressed by player 0
[2022-12-10 15:41:40] [SEVERE ] player 0 placing token on slot 8
[2022-12-10 15:41:41] [SEVERE ] Key 88 was pressed by player 0
[2022-12-10 15:41:41] [SEVERE ] Key 81 was pressed by player 0
[2022-12-10 15:41:41] [SEVERE ] removing player 0 token from slot 0
[2022-12-10 15:41:41] [SEVERE ] Key 65 was pressed by player 0
[2022-12-10 15:41:41] [SEVERE ] removing player 0 token from slot 4
[2022-12-10 15:41:42] [SEVERE ] Key 90 was pressed by player 0
[2022-12-10 15:41:42] [SEVERE ] removing player 0 token from slot 8
[2022-12-10 15:41:42] [SEVERE ] Key 88 was pressed by player 0
[2022-12-10 15:41:42] [SEVERE ] player 0 placing token on slot 9
[2022-12-10 15:41:42] [SEVERE ] Key 83 was pressed by player 0
[2022-12-10 15:41:42] [SEVERE ] player 0 placing token on slot 5
[2022-12-10 15:41:42] [SEVERE ] Key 87 was pressed by player 0
[2022-12-10 15:41:42] [SEVERE ] player 0 placing token on slot 1
[2022-12-10 15:41:43] [SEVERE ] Key 87 was pressed by player 0
[2022-12-10 15:41:43] [SEVERE ] removing player 0 token from slot 1
[2022-12-10 15:41:43] [SEVERE ] Key 83 was pressed by player 0
[2022-12-10 15:41:43] [SEVERE ] removing player 0 token from slot 5
[2022-12-10 15:41:43] [SEVERE ] Key 88 was pressed by player 0
[2022-12-10 15:41:43] [SEVERE ] removing player 0 token from slot 9
[2022-12-10 15:41:44] [SEVERE ] Key 69 was pressed by player 0
[2022-12-10 15:41:44] [SEVERE ] player 0 placing token on slot 2
[2022-12-10 15:41:44] [SEVERE ] Key 68 was pressed by player 0
[2022-12-10 15:41:44] [SEVERE ] player 0 placing token on slot 6
[2022-12-10 15:41:44] [SEVERE ] removing card from slot 1
[2022-12-10 15:41:44] [SEVERE ] Key 67 was pressed by player 0
[2022-12-10 15:41:44] [SEVERE ] player 0 placing token on slot 10
[2022-12-10 15:41:44] [SEVERE ] removing card from slot 10
[2022-12-10 15:41:44] [SEVERE ] removing card from slot 3
[2022-12-10 15:41:44] [SEVERE ] Key 67 was pressed by player 0
[2022-12-10 15:41:44] [SEVERE ] removing player 0 token from slot 10
[2022-12-10 15:41:45] [SEVERE ] removing card from slot 4
[2022-12-10 15:41:45] [SEVERE ] Key 68 was pressed by player 0
[2022-12-10 15:41:45] [SEVERE ] removing player 0 token from slot 6
[2022-12-10 15:41:45] [SEVERE ] removing card from slot 6
[2022-12-10 15:41:45] [SEVERE ] Key 69 was pressed by player 0
[2022-12-10 15:41:45] [SEVERE ] removing player 0 token from slot 2
[2022-12-10 15:41:45] [SEVERE ] removing card from slot 8
[2022-12-10 15:41:45] [SEVERE ] Key 82 was pressed by player 0
[2022-12-10 15:41:45] [SEVERE ] player 0 placing token on slot 3
[2022-12-10 15:41:45] [SEVERE ] removing card from slot 9
[2022-12-10 15:41:45] [SEVERE ] removing card from slot 7
[2022-12-10 15:41:45] [SEVERE ] Key 70 was pressed by player 0
[2022-12-10 15:41:45] [SEVERE ] player 0 placing token on slot 7
[2022-12-10 15:41:46] [SEVERE ] removing card from slot 11
[2022-12-10 15:41:46] [SEVERE ] Key 86 was pressed by player 0
[2022-12-10 15:41:46] [SEVERE ] player 0 placing token on slot 11
[2022-12-10 15:41:46] [SEVERE ] removing card from slot 0
[2022-12-10 15:41:46] [SEVERE ] Key 86 was pressed by player 0
[2022-12-10 15:41:46] [SEVERE ] removing player 0 token from slot 11
[2022-12-10 15:41:46] [SEVERE ] removing card from slot 5
[2022-12-10 15:41:46] [SEVERE ] Key 86 was pressed by player 0
[2022-12-10 15:41:46] [SEVERE ] player 0 placing token on slot 11
[2022-12-10 15:41:46] [SEVERE ] removing card from slot 2
[2022-12-10 15:41:46] [SEVERE ] Key 67 was pressed by player 0
[2022-12-10 15:41:46] [SEVERE ] placing card 24 in slot 11
[2022-12-10 15:41:46] [SEVERE ] Key 67 was pressed by player 0
[2022-12-10 15:41:47] [SEVERE ] placing card 59 in slot 7
[2022-12-10 15:41:47] [SEVERE ] placing card 20 in slot 4
[2022-12-10 15:41:47] [SEVERE ] Key 86 was pressed by player 0
[2022-12-10 15:41:47] [SEVERE ] removing player 0 token from slot 11
[2022-12-10 15:41:47] [SEVERE ] placing card 40 in slot 5
[2022-12-10 15:41:47] [SEVERE ] Key 70 was pressed by player 0
[2022-12-10 15:41:47] [SEVERE ] removing player 0 token from slot 7
[2022-12-10 15:41:47] [SEVERE ] placing card 36 in slot 8
[2022-12-10 15:41:47] [SEVERE ] Key 82 was pressed by player 0
[2022-12-10 15:41:47] [SEVERE ] removing player 0 token from slot 3
[2022-12-10 15:41:47] [SEVERE ] placing card 65 in slot 1
[2022-12-10 15:41:48] [SEVERE ] placing card 21 in slot 9
[2022-12-10 15:41:48] [SEVERE ] placing card 15 in slot 3
[2022-12-10 15:41:48] [SEVERE ] placing card 67 in slot 2
[2022-12-10 15:41:48] [SEVERE ] placing card 66 in slot 0
[2022-12-10 15:41:48] [SEVERE ] placing card 50 in slot 6
[2022-12-10 15:41:49] [SEVERE ] placing card 6 in slot 10
[2022-12-10 15:41:49] [SEVERE ] Exit button pressed
[2022-12-10 15:41:49] [INFO   ] Thread player0 terminated.
[2022-12-10 15:41:50] [INFO   ] Thread main terminated.
