[2022-12-10 15:47:42] [INFO   ] cannot read configuration file config.properties trying from resources.
[2022-12-10 15:47:42] [INFO   ] configuration file was loaded from resources directory.
[2022-12-10 15:47:43] [INFO   ] Thread dealer starting.
[2022-12-10 15:47:43] [INFO   ] Thread player0starting.
[2022-12-10 15:47:43] [INFO   ] Thread player1starting.
[2022-12-10 15:47:43] [INFO   ] Thread computer-1 starting.
[2022-12-10 15:47:43] [SEVERE ] placing card 16 in slot 10
[2022-12-10 15:47:44] [SEVERE ] placing card 53 in slot 5
[2022-12-10 15:47:44] [SEVERE ] placing card 4 in slot 2
[2022-12-10 15:47:44] [SEVERE ] placing card 15 in slot 0
[2022-12-10 15:47:44] [SEVERE ] placing card 58 in slot 4
[2022-12-10 15:47:44] [SEVERE ] placing card 30 in slot 11
[2022-12-10 15:47:45] [SEVERE ] placing card 13 in slot 6
[2022-12-10 15:47:45] [SEVERE ] placing card 78 in slot 3
[2022-12-10 15:47:45] [SEVERE ] placing card 9 in slot 7
[2022-12-10 15:47:45] [SEVERE ] placing card 67 in slot 8
[2022-12-10 15:47:45] [SEVERE ] placing card 52 in slot 9
[2022-12-10 15:47:46] [SEVERE ] placing card 32 in slot 1
[2022-12-10 15:47:48] [SEVERE ] Key 73 was pressed by player 1
[2022-12-10 15:47:48] [SEVERE ] player 1 placing token on slot 1
[2022-12-10 15:47:48] [SEVERE ] Key 76 was pressed by player 1
[2022-12-10 15:47:48] [SEVERE ] player 1 placing token on slot 6
[2022-12-10 15:47:49] [SEVERE ] Key 44 was pressed by player 1
[2022-12-10 15:47:49] [SEVERE ] player 1 placing token on slot 9
[2022-12-10 15:47:51] [SEVERE ] removing card from slot 8
[2022-12-10 15:47:51] [SEVERE ] removing card from slot 1
[2022-12-10 15:47:51] [SEVERE ] removing card from slot 11
[2022-12-10 15:47:51] [SEVERE ] removing card from slot 0
[2022-12-10 15:47:52] [SEVERE ] removing card from slot 5
[2022-12-10 15:47:52] [SEVERE ] removing card from slot 6
[2022-12-10 15:47:52] [SEVERE ] removing card from slot 4
[2022-12-10 15:47:52] [SEVERE ] removing card from slot 10
[2022-12-10 15:47:52] [SEVERE ] removing card from slot 2
[2022-12-10 15:47:53] [SEVERE ] removing card from slot 9
[2022-12-10 15:47:53] [SEVERE ] removing card from slot 3
[2022-12-10 15:47:53] [SEVERE ] removing card from slot 7
[2022-12-10 15:47:53] [SEVERE ] Key 73 was pressed by player 1
[2022-12-10 15:47:53] [SEVERE ] removing player 1 token from slot 1
[2022-12-10 15:47:53] [SEVERE ] Key 79 was pressed by player 1
[2022-12-10 15:47:53] [SEVERE ] player 1 placing token on slot 2
[2022-12-10 15:47:53] [SEVERE ] placing card 52 in slot 6
[2022-12-10 15:47:53] [SEVERE ] Key 44 was pressed by player 1
[2022-12-10 15:47:53] [SEVERE ] removing player 1 token from slot 9
[2022-12-10 15:47:53] [SEVERE ] placing card 65 in slot 5
[2022-12-10 15:47:54] [SEVERE ] placing card 25 in slot 4
[2022-12-10 15:47:54] [SEVERE ] placing card 51 in slot 9
[2022-12-10 15:47:54] [SEVERE ] placing card 34 in slot 0
[2022-12-10 15:47:54] [SEVERE ] placing card 54 in slot 1
[2022-12-10 15:47:54] [SEVERE ] Key 79 was pressed by player 1
[2022-12-10 15:47:54] [SEVERE ] removing player 1 token from slot 2
[2022-12-10 15:47:54] [SEVERE ] placing card 62 in slot 10
[2022-12-10 15:47:55] [SEVERE ] placing card 15 in slot 3
[2022-12-10 15:47:55] [SEVERE ] Key 76 was pressed by player 1
[2022-12-10 15:47:55] [SEVERE ] removing player 1 token from slot 6
[2022-12-10 15:47:55] [SEVERE ] placing card 29 in slot 2
[2022-12-10 15:47:55] [SEVERE ] placing card 72 in slot 11
[2022-12-10 15:47:55] [SEVERE ] placing card 10 in slot 7
[2022-12-10 15:47:55] [SEVERE ] placing card 53 in slot 8
[2022-12-10 15:47:57] [SEVERE ] Key 85 was pressed by player 1
[2022-12-10 15:47:57] [SEVERE ] player 1 placing token on slot 0
[2022-12-10 15:47:57] [SEVERE ] Key 73 was pressed by player 1
[2022-12-10 15:47:57] [SEVERE ] player 1 placing token on slot 1
[2022-12-10 15:47:57] [SEVERE ] Key 59 was pressed by player 1
[2022-12-10 15:47:57] [SEVERE ] player 1 placing token on slot 7
[2022-12-10 15:47:57] [SEVERE ] Key 76 was pressed by player 1
[2022-12-10 15:47:57] [SEVERE ] Key 75 was pressed by player 1
[2022-12-10 15:47:57] [SEVERE ] Key 44 was pressed by player 1
[2022-12-10 15:47:57] [SEVERE ] Key 85 was pressed by player 1
[2022-12-10 15:47:57] [SEVERE ] removing player 1 token from slot 0
[2022-12-10 15:47:57] [SEVERE ] Key 59 was pressed by player 1
[2022-12-10 15:47:58] [SEVERE ] removing player 1 token from slot 7
[2022-12-10 15:47:58] [SEVERE ] Key 73 was pressed by player 1
[2022-12-10 15:47:58] [SEVERE ] removing player 1 token from slot 1
[2022-12-10 15:47:58] [SEVERE ] Key 76 was pressed by player 1
[2022-12-10 15:47:58] [SEVERE ] player 1 placing token on slot 6
[2022-12-10 15:48:01] [SEVERE ] removing card from slot 11
[2022-12-10 15:48:01] [SEVERE ] removing card from slot 0
[2022-12-10 15:48:01] [SEVERE ] removing card from slot 5
[2022-12-10 15:48:01] [SEVERE ] removing card from slot 4
[2022-12-10 15:48:01] [SEVERE ] removing card from slot 3
[2022-12-10 15:48:02] [SEVERE ] removing card from slot 10
[2022-12-10 15:48:02] [SEVERE ] Exit button pressed
[2022-12-10 15:48:02] [INFO   ] Thread player0 terminated.
[2022-12-10 15:48:02] [SEVERE ] removing card from slot 9
[2022-12-10 15:48:02] [SEVERE ] removing card from slot 2
[2022-12-10 15:48:02] [SEVERE ] removing card from slot 8
[2022-12-10 15:48:03] [SEVERE ] removing card from slot 6
[2022-12-10 15:48:03] [SEVERE ] removing card from slot 1
[2022-12-10 15:48:03] [SEVERE ] removing card from slot 7
[2022-12-10 15:48:03] [INFO   ] Thread main terminated.
